[debug] [2023-10-13T05:46:17.671Z] ----------------------------------------------------------------------
[debug] [2023-10-13T05:46:17.677Z] Command:       C:\Program Files\nodejs\node.exe C:\Users\TTT\AppData\Roaming\npm\node_modules\firebase-tools\lib\bin\firebase.js init
[debug] [2023-10-13T05:46:17.678Z] CLI Version:   12.7.0
[debug] [2023-10-13T05:46:17.690Z] Platform:      win32
[debug] [2023-10-13T05:46:17.691Z] Node Version:  v16.17.0
[debug] [2023-10-13T05:46:17.695Z] Time:          Fri Oct 13 2023 11:16:17 GMT+0530 (India Standard Time)
[debug] [2023-10-13T05:46:17.696Z] ----------------------------------------------------------------------
[debug] 
[debug] [2023-10-13T05:46:17.722Z] > command requires scopes: ["email","openid","https://www.googleapis.com/auth/cloudplatformprojects.readonly","https://www.googleapis.com/auth/firebase","https://www.googleapis.com/auth/cloud-platform"]
[debug] [2023-10-13T05:46:17.723Z] > authorizing via signed-in user (dharmendrabaghel2900@gmail.com)
[info] 
     ######## #### ########  ######## ########     ###     ######  ########
     ##        ##  ##     ## ##       ##     ##  ##   ##  ##       ##
     ######    ##  ########  ######   ########  #########  ######  ######
     ##        ##  ##    ##  ##       ##     ## ##     ##       ## ##
     ##       #### ##     ## ######## ########  ##     ##  ######  ########

You're about to initialize a Firebase project in this directory:

  D:\care4u\fancode

[info] 
=== Project Setup
[info] 
[info] First, let's associate this project directory with a Firebase project.
[info] You can create multiple project aliases by running firebase use --add, 
[info] but for now we'll just set up a default project.
[info] 
[debug] [2023-10-13T05:50:23.584Z] > refreshing access token with scopes: []
[debug] [2023-10-13T05:50:23.588Z] >>> [apiv2][query] POST https://www.googleapis.com/oauth2/v3/token [none]
[debug] [2023-10-13T05:50:23.588Z] >>> [apiv2][body] POST https://www.googleapis.com/oauth2/v3/token [omitted]
[debug] [2023-10-13T05:50:30.479Z] <<< [apiv2][status] POST https://www.googleapis.com/oauth2/v3/token 200
[debug] [2023-10-13T05:50:30.480Z] <<< [apiv2][body] POST https://www.googleapis.com/oauth2/v3/token [omitted]
[debug] [2023-10-13T05:50:30.600Z] >>> [apiv2][query] GET https://firebase.googleapis.com/v1beta1/projects pageSize=100
[debug] [2023-10-13T05:51:00.618Z] *** [apiv2] error from fetch(https://firebase.googleapis.com/v1beta1/projects?pageSize=100, {"headers":{},"method":"GET","signal":{}}): AbortError: The user aborted a request.
[debug] [2023-10-13T05:51:00.619Z] Timeout reached making request to https://firebase.googleapis.com/v1beta1/projects?pageSize=100
[debug] [2023-10-13T05:51:05.660Z] Error: Timed out.
    at Timeout._onTimeout (C:\Users\TTT\AppData\Roaming\npm\node_modules\firebase-tools\lib\utils.js:254:49)
    at listOnTimeout (node:internal/timers:559:17)
    at processTimers (node:internal/timers:502:7)
[error] 
[error] Error: An unexpected error has occurred.
